<?xml version="1.0" encoding="UTF-8"?>
<testng-results ignored="0" total="1" passed="1" failed="0" skipped="0">
  <reporter-output>
  </reporter-output>
  <suite started-at="2023-05-13T23:52:24 IST" name="Surefire suite" finished-at="2023-05-13T23:52:32 IST" duration-ms="8867">
    <groups>
    </groups>
    <test started-at="2023-05-13T23:52:24 IST" name="Surefire test" finished-at="2023-05-13T23:52:32 IST" duration-ms="8867">
      <class name="com.example.AppTest">
        <test-method signature="testSelenium()[pri:0, instance:com.example.AppTest@3d0f8e03]" started-at="2023-05-13T23:52:24 IST" name="testSelenium" finished-at="2023-05-13T23:52:32 IST" duration-ms="8840" status="PASS">
          <reporter-output>
          </reporter-output>
        </test-method> <!-- testSelenium -->
      </class> <!-- com.example.AppTest -->
    </test> <!-- Surefire test -->
  </suite> <!-- Surefire suite -->
</testng-results>
